<?xml version="1.0" encoding="UTF-8"?>
<!-- Generated by org.testng.reporters.JUnitReportReporter -->
<testsuite hostname="LAPTOP-TDDV87RG" failures="0" tests="6" name="com.crm.qa.testcases.ContactsPageTest" time="242.670" errors="0" timestamp="2024-05-12T13:36:07 IST" skipped="0">
  <testcase classname="com.crm.qa.testcases.ContactsPageTest" name="verify_Contacts_Label_In_Contacts_Page" time="44.072"/>
  <testcase classname="com.crm.qa.testcases.ContactsPageTest" name="verify_Select_Contact_Checkbox_By_Name" time="31.289"/>
  <testcase classname="com.crm.qa.testcases.ContactsPageTest" name="verify_Add_New_Contact_Hunctionality" time="38.620"/>
  <testcase classname="com.crm.qa.testcases.ContactsPageTest" name="verify_Add_New_Contact_Hunctionality" time="48.424"/>
  <testcase classname="com.crm.qa.testcases.ContactsPageTest" name="verify_Add_New_Contact_Hunctionality" time="39.651"/>
  <testcase classname="com.crm.qa.testcases.ContactsPageTest" name="verify_Add_New_Contact_Hunctionality" time="40.614"/>
</testsuite> <!-- com.crm.qa.testcases.ContactsPageTest -->
