<?xml version="1.0" encoding="UTF-8"?>
<!-- Generated by org.testng.reporters.JUnitReportReporter -->
<testsuite hostname="LAPTOP-TDDV87RG" failures="0" tests="3" name="com.crm.qa.testdata.LoginPageTest" time="61.405" errors="0" timestamp="2024-05-09T00:50:29 IST" skipped="0">
  <testcase classname="com.crm.qa.testdata.LoginPageTest" name="verify_Page_Title" time="13.884"/>
  <testcase classname="com.crm.qa.testdata.LoginPageTest" name="verify_CRM_Logo" time="20.919"/>
  <testcase classname="com.crm.qa.testdata.LoginPageTest" name="verify_Login" time="26.602"/>
</testsuite> <!-- com.crm.qa.testdata.LoginPageTest -->
