<?xml version="1.0" encoding="UTF-8"?>
<!-- Generated by org.testng.reporters.JUnitReportReporter -->
<testsuite hostname="LAPTOP-TDDV87RG" failures="0" tests="3" name="com.crm.qa.testcases.LoginPageTest" time="53.825" errors="0" timestamp="2024-05-12T13:36:07 IST" skipped="0">
  <testcase classname="com.crm.qa.testcases.LoginPageTest" name="verify_Page_Title" time="13.207"/>
  <testcase classname="com.crm.qa.testcases.LoginPageTest" name="verify_CRM_Logo" time="13.880"/>
  <testcase classname="com.crm.qa.testcases.LoginPageTest" name="verify_Login" time="26.738"/>
</testsuite> <!-- com.crm.qa.testcases.LoginPageTest -->
