<?xml version="1.0" encoding="UTF-8"?>
<!-- Generated by org.testng.reporters.JUnitReportReporter -->
<testsuite hostname="LAPTOP-TDDV87RG" failures="0" tests="3" name="com.crm.qa.testcases.LoginPageTest" time="60.002" errors="0" timestamp="2024-05-12T17:10:48 IST" skipped="0">
  <testcase classname="com.crm.qa.testcases.LoginPageTest" name="verify_Page_Title" time="15.803"/>
  <testcase classname="com.crm.qa.testcases.LoginPageTest" name="verify_CRM_Logo" time="16.375"/>
  <testcase classname="com.crm.qa.testcases.LoginPageTest" name="verify_Login" time="27.824"/>
</testsuite> <!-- com.crm.qa.testcases.LoginPageTest -->
