<?xml version="1.0" encoding="UTF-8"?>
<!-- Generated by org.testng.reporters.JUnitReportReporter -->
<testsuite hostname="LAPTOP-TDDV87RG" failures="0" tests="3" name="com.crm.qa.testcases.HomePageTest" time="83.468" errors="0" timestamp="2024-05-12T13:36:07 IST" skipped="0">
  <testcase classname="com.crm.qa.testcases.HomePageTest" name="verify_HomePage_Title" time="26.918"/>
  <testcase classname="com.crm.qa.testcases.HomePageTest" name="verify_Correct_UserDetails_On_HomePage" time="27.063"/>
  <testcase classname="com.crm.qa.testcases.HomePageTest" name="verify_Contact_Link" time="29.487"/>
</testsuite> <!-- com.crm.qa.testcases.HomePageTest -->
